Arguments: 
  /usr/local/bin/node /usr/local/lib/node_modules/@bfchain/pkgm/node_modules/yarn/bin/yarn.js install --json --production=false

PATH: 
  /usr/local/bin/python3:/usr/local/bin:/usr/local/lib/node_modules:/usr/local/opt/texinfo/bin:/usr/local/bin:/usr/bin:/bin:/usr/sbin:/sbin:/usr/local/go/bin:/Library/Apple/usr/bin:/usr/local/lib/node_modules:/usr/local/opt/texinfo/bin:/Users/mac/.cargo/bin

Yarn version: 
  1.22.19

Node version: 
  16.15.1

Platform: 
  darwin x64

Trace: 
  SyntaxError: /Users/mac/Desktop/waterbang/project/android-deno-runtime-example/plaoc/gateway/package.json: Unexpected end of JSON input
      at JSON.parse (<anonymous>)
      at /usr/local/lib/node_modules/@bfchain/pkgm/node_modules/yarn/lib/cli.js:1629:59
      at Generator.next (<anonymous>)
      at step (/usr/local/lib/node_modules/@bfchain/pkgm/node_modules/yarn/lib/cli.js:310:30)
      at /usr/local/lib/node_modules/@bfchain/pkgm/node_modules/yarn/lib/cli.js:321:13

npm manifest: 
  {
    "name": "bfsp-workspace",
    "private": true,
    "packageManager": "yarn@1.22.18",
    "workspaces": [
      "./core",
      "./plugin",
      "./metadata",
      "./gateway",
      "./typings"
    ]
  }

yarn manifest: 
  No manifest

Lockfile: 
  # THIS IS AN AUTOGENERATED FILE. DO NOT EDIT THIS FILE DIRECTLY.
  # yarn lockfile v1
  
  
  tslib@^2.3.1:
    version "2.4.0"
    resolved "https://registry.npmjs.org/tslib/-/tslib-2.4.0.tgz"
    integrity sha512-d6xOpEDfsi2CZVlPQzGeux8XMwLT9hssAsaPYExaQMuYskwb+x1x7J371tWlbBdWHroy99KnVB6qIkUbs5X3UQ==
